<?xml version="1.0" ?>
<coverage version="5.2.1" timestamp="1599243719151" lines-valid="6" lines-covered="5" line-rate="0.8333" branches-covered="0" branches-valid="0" branch-rate="0" complexity="0">
	<!-- Generated by coverage.py: https://coverage.readthedocs.io -->
	<!-- Based on https://raw.githubusercontent.com/cobertura/web/master/htdocs/xml/coverage-04.dtd -->
	<sources>
		<source>C:\Users\mateo\Google Drive\DeepLearning\Pyronear\PyronearEngine</source>
	</sources>
	<packages>
		<package name="test" line-rate="0.8333" branch-rate="0" complexity="0">
			<classes>
				<class name="test_utils.py" filename="test/test_utils.py" complexity="0" line-rate="0.8333" branch-rate="0">
					<methods/>
					<lines>
						<line number="7" hits="1"/>
						<line number="11" hits="1"/>
						<line number="12" hits="1"/>
						<line number="15" hits="1"/>
						<line number="18" hits="1"/>
						<line number="19" hits="0"/>
					</lines>
				</class>
			</classes>
		</package>
	</packages>
</coverage>
